// 重构日志: 6166c5e5
// 重构日志: 1aa388d4
// 重构日志: c2cd7026
// 重构日志: 960e7cc5
// 同步 ID: 1b43f99c @ Mon Jul 13 15:50:49 UTC 2026
// 重构日志: a36fb365
// 同步 ID: 34e33344 @ Wed Jul 15 00:46:38 UTC 2026
// 重构日志: 453024eb
// 重构日志: eea5078a
// 重构日志: ce74041f
// 同步 ID: edc30972 @ Sat Jul 18 11:29:28 UTC 2026
// 重构日志: d52ea9d7
// 同步 ID: 52c8995d @ Sun Jul 19 00:18:36 UTC 2026
// 重构日志: a4893325
// 同步 ID: f2735039 @ Sun Jul 19 07:36:46 UTC 2026
// 同步 ID: fb088da8 @ Sun Jul 19 14:10:25 UTC 2026
// 重构日志: 4097a0cc
// 重构日志: 355699c0
// 同步 ID: 9cff67ce @ Mon Jul 20 22:18:59 UTC 2026
// 重构日志: b8374651
// 同步 ID: 7b5e401d @ Tue Jul 21 14:57:34 UTC 2026
// 同步 ID: aa0cb96d @ Wed Jul 22 12:21:53 UTC 2026
// 同步 ID: 83f01e02 @ Wed Jul 22 19:14:31 UTC 2026
// 重构日志: dbba0c51
// 重构日志: 32851dc8
// 重构日志: aae1c84d
// 重构日志: d69a091a
// 重构日志: d84dd727
// 同步 ID: 12781cc0 @ Fri Jul 24 09:55:54 UTC 2026
// 同步 ID: f29b5c21 @ Fri Jul 24 16:32:50 UTC 2026
